<?xml version="1.0" encoding="UTF-8"?>
<testng-results ignored="0" total="1" passed="1" failed="0" skipped="0">
  <reporter-output>
  </reporter-output>
  <suite started-at="2023-02-20T10:55:45 IST" name="Default suite" finished-at="2023-02-20T10:55:52 IST" duration-ms="7350">
    <groups>
    </groups>
    <test started-at="2023-02-20T10:55:45 IST" name="Default test" finished-at="2023-02-20T10:55:52 IST" duration-ms="7350">
      <class name="com.qa.keyword.test.Logintest">
        <test-method signature="loginTest()[pri:0, instance:com.qa.keyword.test.Logintest@3d1cfad4]" started-at="2023-02-20T10:55:45 IST" name="loginTest" finished-at="2023-02-20T10:55:52 IST" duration-ms="7295" status="PASS">
          <reporter-output>
          </reporter-output>
        </test-method> <!-- loginTest -->
      </class> <!-- com.qa.keyword.test.Logintest -->
    </test> <!-- Default test -->
  </suite> <!-- Default suite -->
</testng-results>
